c:\users\caiganfei\desktop\imualignment\imualignment\debug\vc140.pdb
c:\users\caiganfei\desktop\imualignment\imualignment\debug\vc140.idb
c:\users\caiganfei\desktop\imualignment\imualignment\debug\c_aligncoarse.obj
c:\users\caiganfei\desktop\imualignment\imualignment\debug\c_alignfine.obj
c:\users\caiganfei\desktop\imualignment\imualignment\debug\c_earth.obj
c:\users\caiganfei\desktop\imualignment\imualignment\debug\c_gnsstime.obj
c:\users\caiganfei\desktop\imualignment\imualignment\debug\c_kalmanfilter.obj
c:\users\caiganfei\desktop\imualignment\imualignment\debug\c_matirx.obj
c:\users\caiganfei\desktop\imualignment\imualignment\debug\c_sinstools.obj
c:\users\caiganfei\desktop\imualignment\imualignment\debug\main.obj
c:\users\caiganfei\desktop\imualignment\imualignment\debug\psins.obj
c:\users\caiganfei\desktop\imualignment\imualignment\debug\stdafx.obj
c:\users\caiganfei\desktop\imualignment\debug\imualignment.ilk
c:\users\caiganfei\desktop\imualignment\debug\imualignment.exe
c:\users\caiganfei\desktop\imualignment\debug\imualignment.pdb
c:\users\caiganfei\desktop\imualignment\imualignment\debug\imualignment.tlog\cl.command.1.tlog
c:\users\caiganfei\desktop\imualignment\imualignment\debug\imualignment.tlog\cl.read.1.tlog
c:\users\caiganfei\desktop\imualignment\imualignment\debug\imualignment.tlog\cl.write.1.tlog
c:\users\caiganfei\desktop\imualignment\imualignment\debug\imualignment.tlog\link.command.1.tlog
c:\users\caiganfei\desktop\imualignment\imualignment\debug\imualignment.tlog\link.read.1.tlog
c:\users\caiganfei\desktop\imualignment\imualignment\debug\imualignment.tlog\link.write.1.tlog
