生成启动时间为 2022/10/19 23:07:08。
     1>项目“H:\github_clone_workspace\ImuAlignment\ImuAlignment\ImuAlignment.vcxproj”在节点 2 上(Build 个目标)。
     1>ClCompile:
         C:\Program Files (x86)\Microsoft Visual Studio 14.0\VC\bin\CL.exe /c /ZI /nologo /W3 /WX- /sdl /Od /Oy- /D WIN32 /D _DEBUG /D _CONSOLE /D _CRT_SECURE_NO_WARNINGS /D _CRT_SECURE_NO_DEPRECATE /D _CRT_NONSTDC_NO_DEPRECATE /D _UNICODE /D UNICODE /Gm /EHsc /RTC1 /MDd /GS /fp:precise /Zc:wchar_t /Zc:forScope /Zc:inline /Fo"Debug\\" /Fd"Debug\vc140.pdb" /Gd /TP /analyze- /errorReport:prompt ..\C_AlignCoarse.cpp ..\C_AlignFine.cpp ..\C_earth.cpp ..\C_GnssTime.cpp ..\C_KalmanFilter.cpp ..\C_Matirx.cpp ..\C_SINSTools.cpp ..\main.cpp ..\PSINS.cpp ..\stdafx.cpp
         stdafx.cpp
         PSINS.cpp
           PSINS_IO_FILE
           PSINS_RMEMORY
         main.cpp
         C_SINSTools.cpp
         C_Matirx.cpp
         C_KalmanFilter.cpp
         C_GnssTime.cpp
         C_earth.cpp
         C_AlignFine.cpp
     1>h:\github_clone_workspace\imualignment\c_alignfine.cpp(71): warning C4477: 'printf' : format string '%s' requires an argument of type 'char *', but variadic argument 1 has type 'FILE *'
     1>h:\github_clone_workspace\imualignment\c_alignfine.cpp(194): warning C4477: 'printf' : format string '%s' requires an argument of type 'char *', but variadic argument 1 has type 'FILE *'
         C_AlignCoarse.cpp
     1>h:\github_clone_workspace\imualignment\c_aligncoarse.cpp(44): warning C4477: 'printf' : format string '%s' requires an argument of type 'char *', but variadic argument 1 has type 'FILE *'
         正在生成代码...
       Link:
         C:\Program Files (x86)\Microsoft Visual Studio 14.0\VC\bin\link.exe /ERRORREPORT:PROMPT /OUT:"H:\github_clone_workspace\ImuAlignment\Debug\ImuAlignment.exe" /INCREMENTAL /NOLOGO kernel32.lib user32.lib gdi32.lib winspool.lib comdlg32.lib advapi32.lib shell32.lib ole32.lib oleaut32.lib uuid.lib odbc32.lib odbccp32.lib /MANIFEST /MANIFESTUAC:"level='asInvoker' uiAccess='false'" /manifest:embed /Debug /PDB:"H:\github_clone_workspace\ImuAlignment\Debug\ImuAlignment.pdb" /SUBSYSTEM:CONSOLE /TLBID:1 /DYNAMICBASE /NXCOMPAT /IMPLIB:"H:\github_clone_workspace\ImuAlignment\Debug\ImuAlignment.lib" /MACHINE:X86 Debug\C_AlignCoarse.obj
         Debug\C_AlignFine.obj
         Debug\C_earth.obj
         Debug\C_GnssTime.obj
         Debug\C_KalmanFilter.obj
         Debug\C_Matirx.obj
         Debug\C_SINSTools.obj
         Debug\main.obj
         Debug\PSINS.obj
         Debug\stdafx.obj
         ImuAlignment.vcxproj -> H:\github_clone_workspace\ImuAlignment\Debug\ImuAlignment.exe
     1>已完成生成项目“H:\github_clone_workspace\ImuAlignment\ImuAlignment\ImuAlignment.vcxproj”(Build 个目标)的操作。

已成功生成。

已用时间 00:00:12.37
